[0130/143615.854:ERROR:process_memory_win.cc(73)] ReadMemory at 0x7ff67da00000 of 64 bytes failed: Only part of a ReadProcessMemory or WriteProcessMemory request was completed. (0x12B)
[0130/143615.887:WARNING:pe_image_reader.cc(340)] could not read dos header from C:\Program Files (x86)\Google\Chrome\Application\chrome.exe
[0130/143615.887:ERROR:process_memory_win.cc(73)] ReadMemory at 0x7ff97d960000 of 64 bytes failed: Only part of a ReadProcessMemory or WriteProcessMemory request was completed. (0x12B)
[0130/143615.887:WARNING:pe_image_reader.cc(340)] could not read dos header from C:\WINDOWS\SYSTEM32\ntdll.dll
[0130/143615.887:ERROR:process_memory_win.cc(73)] ReadMemory at 0x7ff97ba10000 of 64 bytes failed: Only part of a ReadProcessMemory or WriteProcessMemory request was completed. (0x12B)
[0130/143615.889:WARNING:pe_image_reader.cc(340)] could not read dos header from C:\WINDOWS\System32\KERNEL32.dll
[0130/143615.889:ERROR:process_memory_win.cc(73)] ReadMemory at 0x7ff97b090000 of 64 bytes failed: Only part of a ReadProcessMemory or WriteProcessMemory request was completed. (0x12B)
[0130/143615.889:WARNING:pe_image_reader.cc(340)] could not read dos header from C:\WINDOWS\System32\KERNELBASE.dll
[0130/143615.889:ERROR:process_memory_win.cc(73)] ReadMemory at 0x7ff972d60000 of 64 bytes failed: Only part of a ReadProcessMemory or WriteProcessMemory request was completed. (0x12B)
[0130/143615.889:WARNING:pe_image_reader.cc(340)] could not read dos header from C:\WINDOWS\SYSTEM32\version.dll
[0130/143615.889:ERROR:process_memory_win.cc(73)] ReadMemory at 0x7ff97d2f0000 of 64 bytes failed: Only part of a ReadProcessMemory or WriteProcessMemory request was completed. (0x12B)
[0130/143615.889:WARNING:pe_image_reader.cc(340)] could not read dos header from C:\WINDOWS\System32\msvcrt.dll
[0130/143615.889:ERROR:process_memory_win.cc(73)] ReadMemory at 0x7ff9476e0000 of 64 bytes failed: Only part of a ReadProcessMemory or WriteProcessMemory request was completed. (0x12B)
[0130/143615.889:WARNING:pe_image_reader.cc(340)] could not read dos header from C:\Program Files (x86)\Google\Chrome\Application\79.0.3945.130\chrome_elf.dll
[0130/143615.889:ERROR:process_memory_win.cc(73)] ReadMemory at 0x7ff97b8e0000 of 64 bytes failed: Only part of a ReadProcessMemory or WriteProcessMemory request was completed. (0x12B)
[0130/143615.889:WARNING:pe_image_reader.cc(340)] could not read dos header from C:\WINDOWS\System32\bcryptPrimitives.dll
[0130/143615.889:ERROR:process_memory_win.cc(73)] ReadMemory at 0x7ff97c1c0000 of 64 bytes failed: Only part of a ReadProcessMemory or WriteProcessMemory request was completed. (0x12B)
[0130/143615.889:WARNING:pe_image_reader.cc(340)] could not read dos header from C:\WINDOWS\System32\ADVAPI32.dll
[0130/143615.889:ERROR:process_memory_win.cc(73)] ReadMemory at 0x7ff97d4f0000 of 64 bytes failed: Only part of a ReadProcessMemory or WriteProcessMemory request was completed. (0x12B)
[0130/143615.890:WARNING:pe_image_reader.cc(340)] could not read dos header from C:\WINDOWS\System32\sechost.dll
[0130/143615.890:ERROR:process_memory_win.cc(73)] ReadMemory at 0x7ff97cf90000 of 64 bytes failed: Only part of a ReadProcessMemory or WriteProcessMemory request was completed. (0x12B)
[0130/143615.890:WARNING:pe_image_reader.cc(340)] could not read dos header from C:\WINDOWS\System32\RPCRT4.dll
[0130/143615.890:ERROR:process_memory_win.cc(73)] ReadMemory at 0x7ff90ad50000 of 64 bytes failed: Only part of a ReadProcessMemory or WriteProcessMemory request was completed. (0x12B)
[0130/143615.890:WARNING:pe_image_reader.cc(340)] could not read dos header from C:\Program Files (x86)\Google\Chrome\Application\79.0.3945.130\chrome_child.dll
[0130/143615.890:ERROR:process_memory_win.cc(73)] ReadMemory at 0x7ff97d590000 of 64 bytes failed: Only part of a ReadProcessMemory or WriteProcessMemory request was completed. (0x12B)
[0130/143615.890:WARNING:pe_image_reader.cc(340)] could not read dos header from C:\WINDOWS\System32\OLEAUT32.dll
[0130/143615.890:ERROR:process_memory_win.cc(73)] ReadMemory at 0x7ff97b6a0000 of 64 bytes failed: Only part of a ReadProcessMemory or WriteProcessMemory request was completed. (0x12B)
[0130/143615.890:WARNING:pe_image_reader.cc(340)] could not read dos header from C:\WINDOWS\System32\msvcp_win.dll
[0130/143615.891:ERROR:process_memory_win.cc(73)] ReadMemory at 0x7ff97b3f0000 of 64 bytes failed: Only part of a ReadProcessMemory or WriteProcessMemory request was completed. (0x12B)
[0130/143615.891:WARNING:pe_image_reader.cc(340)] could not read dos header from C:\WINDOWS\System32\ucrtbase.dll
[0130/143615.891:ERROR:process_memory_win.cc(73)] ReadMemory at 0x7ff97c6b0000 of 64 bytes failed: Only part of a ReadProcessMemory or WriteProcessMemory request was completed. (0x12B)
[0130/143615.891:WARNING:pe_image_reader.cc(340)] could not read dos header from C:\WINDOWS\System32\combase.dll
[0130/143615.891:ERROR:process_memory_win.cc(73)] ReadMemory at 0x7ff97d0e0000 of 64 bytes failed: Only part of a ReadProcessMemory or WriteProcessMemory request was completed. (0x12B)
[0130/143615.891:WARNING:pe_image_reader.cc(340)] could not read dos header from C:\WINDOWS\System32\WS2_32.dll
[0130/143615.891:ERROR:process_memory_win.cc(73)] ReadMemory at 0x7ff97b640000 of 64 bytes failed: Only part of a ReadProcessMemory or WriteProcessMemory request was completed. (0x12B)
[0130/143615.891:WARNING:pe_image_reader.cc(340)] could not read dos header from C:\WINDOWS\System32\WINTRUST.dll
[0130/143615.891:ERROR:process_memory_win.cc(73)] ReadMemory at 0x7ff97a8d0000 of 64 bytes failed: Only part of a ReadProcessMemory or WriteProcessMemory request was completed. (0x12B)
[0130/143615.891:WARNING:pe_image_reader.cc(340)] could not read dos header from C:\WINDOWS\System32\MSASN1.dll
[0130/143615.891:ERROR:process_memory_win.cc(73)] ReadMemory at 0x7ff97b4f0000 of 64 bytes failed: Only part of a ReadProcessMemory or WriteProcessMemory request was completed. (0x12B)
[0130/143615.891:WARNING:pe_image_reader.cc(340)] could not read dos header from C:\WINDOWS\System32\CRYPT32.dll
[0130/143615.891:ERROR:process_memory_win.cc(73)] ReadMemory at 0x7ff979d50000 of 64 bytes failed: Only part of a ReadProcessMemory or WriteProcessMemory request was completed. (0x12B)
[0130/143615.891:WARNING:pe_image_reader.cc(340)] could not read dos header from C:\WINDOWS\SYSTEM32\IPHLPAPI.DLL
[0130/143615.891:ERROR:process_memory_win.cc(73)] ReadMemory at 0x7ff977350000 of 64 bytes failed: Only part of a ReadProcessMemory or WriteProcessMemory request was completed. (0x12B)
[0130/143615.891:WARNING:pe_image_reader.cc(340)] could not read dos header from C:\WINDOWS\SYSTEM32\WINMM.dll
[0130/143615.891:ERROR:process_memory_win.cc(73)] ReadMemory at 0x7ff97a720000 of 64 bytes failed: Only part of a ReadProcessMemory or WriteProcessMemory request was completed. (0x12B)
[0130/143615.892:WARNING:pe_image_reader.cc(340)] could not read dos header from C:\WINDOWS\SYSTEM32\USERENV.dll
[0130/143615.892:ERROR:process_memory_win.cc(73)] ReadMemory at 0x7ff97a8b0000 of 64 bytes failed: Only part of a ReadProcessMemory or WriteProcessMemory request was completed. (0x12B)
[0130/143615.892:WARNING:pe_image_reader.cc(340)] could not read dos header from C:\WINDOWS\System32\profapi.dll
[0130/143615.892:ERROR:process_memory_win.cc(73)] ReadMemory at 0x7ff96cdc0000 of 64 bytes failed: Only part of a ReadProcessMemory or WriteProcessMemory request was completed. (0x12B)
[0130/143615.892:WARNING:pe_image_reader.cc(340)] could not read dos header from C:\WINDOWS\SYSTEM32\DWrite.dll
[0130/143615.892:ERROR:process_memory_win.cc(73)] ReadMemory at 0x7ff966360000 of 64 bytes failed: Only part of a ReadProcessMemory or WriteProcessMemory request was completed. (0x12B)
[0130/143615.892:WARNING:pe_image_reader.cc(340)] could not read dos header from C:\WINDOWS\SYSTEM32\WINSPOOL.DRV
[0130/143615.892:ERROR:process_memory_win.cc(73)] ReadMemory at 0x7ff97a840000 of 64 bytes failed: Only part of a ReadProcessMemory or WriteProcessMemory request was completed. (0x12B)
[0130/143615.892:WARNING:pe_image_reader.cc(340)] could not read dos header from C:\WINDOWS\System32\kernel.appcore.dll
[0130/143615.893:ERROR:process_memory_win.cc(73)] ReadMemory at 0x7ff97b990000 of 64 bytes failed: Only part of a ReadProcessMemory or WriteProcessMemory request was completed. (0x12B)
[0130/143615.893:WARNING:pe_image_reader.cc(340)] could not read dos header from C:\WINDOWS\System32\bcrypt.dll
[0130/143615.893:ERROR:process_memory_win.cc(73)] ReadMemory at 0x7ff96c490000 of 64 bytes failed: Only part of a ReadProcessMemory or WriteProcessMemory request was completed. (0x12B)
[0130/143615.893:WARNING:pe_image_reader.cc(340)] could not read dos header from C:\WINDOWS\SYSTEM32\dbghelp.dll
[0130/143615.894:ERROR:process_memory_win.cc(73)] ReadMemory at 0x7ff9696e0000 of 64 bytes failed: Only part of a ReadProcessMemory or WriteProcessMemory request was completed. (0x12B)
[0130/143615.894:WARNING:pe_image_reader.cc(340)] could not read dos header from C:\WINDOWS\SYSTEM32\Secur32.dll
[0130/143615.894:ERROR:process_memory_win.cc(73)] ReadMemory at 0x7ff9760e0000 of 64 bytes failed: Only part of a ReadProcessMemory or WriteProcessMemory request was completed. (0x12B)
[0130/143615.894:WARNING:pe_image_reader.cc(340)] could not read dos header from C:\WINDOWS\SYSTEM32\WINHTTP.dll
[0130/143615.894:ERROR:process_memory_win.cc(73)] ReadMemory at 0x7ff9742b0000 of 64 bytes failed: Only part of a ReadProcessMemory or WriteProcessMemory request was completed. (0x12B)
[0130/143615.894:WARNING:pe_image_reader.cc(340)] could not read dos header from C:\WINDOWS\SYSTEM32\dhcpcsvc.DLL
[0130/143615.894:ERROR:process_memory_win.cc(73)] ReadMemory at 0x7ff97ca70000 of 64 bytes failed: Only part of a ReadProcessMemory or WriteProcessMemory request was completed. (0x12B)
[0130/143615.894:WARNING:pe_image_reader.cc(340)] could not read dos header from C:\WINDOWS\System32\NSI.dll
[0130/143615.894:ERROR:process_memory_win.cc(73)] ReadMemory at 0x7ff977320000 of 64 bytes failed: Only part of a ReadProcessMemory or WriteProcessMemory request was completed. (0x12B)
[0130/143615.894:WARNING:pe_image_reader.cc(340)] could not read dos header from C:\WINDOWS\SYSTEM32\WINMMBASE.dll
[0130/143615.894:ERROR:process_memory_win.cc(73)] ReadMemory at 0x7ff97b9c0000 of 64 bytes failed: Only part of a ReadProcessMemory or WriteProcessMemory request was completed. (0x12B)
[0130/143615.894:WARNING:pe_image_reader.cc(340)] could not read dos header from C:\WINDOWS\System32\cfgmgr32.dll
[0130/143615.894:ERROR:process_memory_win.cc(73)] ReadMemory at 0x7ff9762a0000 of 64 bytes failed: Only part of a ReadProcessMemory or WriteProcessMemory request was completed. (0x12B)
[0130/143615.894:WARNING:pe_image_reader.cc(340)] could not read dos header from C:\WINDOWS\SYSTEM32\PROPSYS.dll
[0130/143615.894:ERROR:process_memory_win.cc(73)] ReadMemory at 0x7ff97d660000 of 64 bytes failed: Only part of a ReadProcessMemory or WriteProcessMemory request was completed. (0x12B)
[0130/143615.895:WARNING:pe_image_reader.cc(340)] could not read dos header from C:\WINDOWS\System32\shcore.dll
[0130/143615.895:ERROR:process_memory_win.cc(73)] ReadMemory at 0x7ff97a750000 of 64 bytes failed: Only part of a ReadProcessMemory or WriteProcessMemory request was completed. (0x12B)
[0130/143615.895:WARNING:pe_image_reader.cc(340)] could not read dos header from C:\WINDOWS\SYSTEM32\SSPICLI.DLL
[0130/143615.895:ERROR:process_memory_win.cc(73)] ReadMemory at 0x7ff97a210000 of 64 bytes failed: Only part of a ReadProcessMemory or WriteProcessMemory request was completed. (0x12B)
[0130/143615.895:WARNING:pe_image_reader.cc(340)] could not read dos header from C:\WINDOWS\SYSTEM32\CRYPTBASE.DLL
[0130/143615.895:ERROR:process_memory_win.cc(73)] ReadMemory at 0x7ff67da00000 of 64 bytes failed: Only part of a ReadProcessMemory or WriteProcessMemory request was completed. (0x12B)
[0130/143615.895:WARNING:pe_image_reader.cc(340)] could not read dos header from C:\Program Files (x86)\Google\Chrome\Application\chrome.exe
[0130/143615.895:ERROR:process_memory_win.cc(73)] ReadMemory at 0x7ff97d960000 of 64 bytes failed: Only part of a ReadProcessMemory or WriteProcessMemory request was completed. (0x12B)
[0130/143615.895:WARNING:pe_image_reader.cc(340)] could not read dos header from C:\WINDOWS\SYSTEM32\ntdll.dll
[0130/143615.895:ERROR:process_memory_win.cc(73)] ReadMemory at 0x7ff97ba10000 of 64 bytes failed: Only part of a ReadProcessMemory or WriteProcessMemory request was completed. (0x12B)
[0130/143615.895:WARNING:pe_image_reader.cc(340)] could not read dos header from C:\WINDOWS\System32\KERNEL32.dll
[0130/143615.895:ERROR:process_memory_win.cc(73)] ReadMemory at 0x7ff97b090000 of 64 bytes failed: Only part of a ReadProcessMemory or WriteProcessMemory request was completed. (0x12B)
[0130/143615.895:WARNING:pe_image_reader.cc(340)] could not read dos header from C:\WINDOWS\System32\KERNELBASE.dll
[0130/143615.895:ERROR:process_memory_win.cc(73)] ReadMemory at 0x7ff972d60000 of 64 bytes failed: Only part of a ReadProcessMemory or WriteProcessMemory request was completed. (0x12B)
[0130/143615.895:WARNING:pe_image_reader.cc(340)] could not read dos header from C:\WINDOWS\SYSTEM32\version.dll
[0130/143615.896:ERROR:process_memory_win.cc(73)] ReadMemory at 0x7ff97d2f0000 of 64 bytes failed: Only part of a ReadProcessMemory or WriteProcessMemory request was completed. (0x12B)
[0130/143615.896:WARNING:pe_image_reader.cc(340)] could not read dos header from C:\WINDOWS\System32\msvcrt.dll
[0130/143615.896:ERROR:process_memory_win.cc(73)] ReadMemory at 0x7ff9476e0000 of 64 bytes failed: Only part of a ReadProcessMemory or WriteProcessMemory request was completed. (0x12B)
[0130/143615.896:WARNING:pe_image_reader.cc(340)] could not read dos header from C:\Program Files (x86)\Google\Chrome\Application\79.0.3945.130\chrome_elf.dll
[0130/143615.896:ERROR:process_memory_win.cc(73)] ReadMemory at 0x7ff97b8e0000 of 64 bytes failed: Only part of a ReadProcessMemory or WriteProcessMemory request was completed. (0x12B)
[0130/143615.896:WARNING:pe_image_reader.cc(340)] could not read dos header from C:\WINDOWS\System32\bcryptPrimitives.dll
[0130/143615.896:ERROR:process_memory_win.cc(73)] ReadMemory at 0x7ff97c1c0000 of 64 bytes failed: Only part of a ReadProcessMemory or WriteProcessMemory request was completed. (0x12B)
[0130/143615.896:WARNING:pe_image_reader.cc(340)] could not read dos header from C:\WINDOWS\System32\ADVAPI32.dll
[0130/143615.896:ERROR:process_memory_win.cc(73)] ReadMemory at 0x7ff97d4f0000 of 64 bytes failed: Only part of a ReadProcessMemory or WriteProcessMemory request was completed. (0x12B)
[0130/143615.896:WARNING:pe_image_reader.cc(340)] could not read dos header from C:\WINDOWS\System32\sechost.dll
[0130/143615.896:ERROR:process_memory_win.cc(73)] ReadMemory at 0x7ff97cf90000 of 64 bytes failed: Only part of a ReadProcessMemory or WriteProcessMemory request was completed. (0x12B)
[0130/143615.896:WARNING:pe_image_reader.cc(340)] could not read dos header from C:\WINDOWS\System32\RPCRT4.dll
[0130/143615.896:ERROR:process_memory_win.cc(73)] ReadMemory at 0x7ff90ad50000 of 64 bytes failed: Only part of a ReadProcessMemory or WriteProcessMemory request was completed. (0x12B)
[0130/143615.896:WARNING:pe_image_reader.cc(340)] could not read dos header from C:\Program Files (x86)\Google\Chrome\Application\79.0.3945.130\chrome_child.dll
[0130/143615.896:ERROR:process_memory_win.cc(73)] ReadMemory at 0x7ff97d590000 of 64 bytes failed: Only part of a ReadProcessMemory or WriteProcessMemory request was completed. (0x12B)
[0130/143615.896:WARNING:pe_image_reader.cc(340)] could not read dos header from C:\WINDOWS\System32\OLEAUT32.dll
[0130/143615.896:ERROR:process_memory_win.cc(73)] ReadMemory at 0x7ff97b6a0000 of 64 bytes failed: Only part of a ReadProcessMemory or WriteProcessMemory request was completed. (0x12B)
[0130/143615.896:WARNING:pe_image_reader.cc(340)] could not read dos header from C:\WINDOWS\System32\msvcp_win.dll
[0130/143615.897:ERROR:process_memory_win.cc(73)] ReadMemory at 0x7ff97b3f0000 of 64 bytes failed: Only part of a ReadProcessMemory or WriteProcessMemory request was completed. (0x12B)
[0130/143615.897:WARNING:pe_image_reader.cc(340)] could not read dos header from C:\WINDOWS\System32\ucrtbase.dll
[0130/143615.897:ERROR:process_memory_win.cc(73)] ReadMemory at 0x7ff97c6b0000 of 64 bytes failed: Only part of a ReadProcessMemory or WriteProcessMemory request was completed. (0x12B)
[0130/143615.897:WARNING:pe_image_reader.cc(340)] could not read dos header from C:\WINDOWS\System32\combase.dll
[0130/143615.897:ERROR:process_memory_win.cc(73)] ReadMemory at 0x7ff97d0e0000 of 64 bytes failed: Only part of a ReadProcessMemory or WriteProcessMemory request was completed. (0x12B)
[0130/143615.897:WARNING:pe_image_reader.cc(340)] could not read dos header from C:\WINDOWS\System32\WS2_32.dll
[0130/143615.897:ERROR:process_memory_win.cc(73)] ReadMemory at 0x7ff97b640000 of 64 bytes failed: Only part of a ReadProcessMemory or WriteProcessMemory request was completed. (0x12B)
[0130/143615.897:WARNING:pe_image_reader.cc(340)] could not read dos header from C:\WINDOWS\System32\WINTRUST.dll
[0130/143615.897:ERROR:process_memory_win.cc(73)] ReadMemory at 0x7ff97a8d0000 of 64 bytes failed: Only part of a ReadProcessMemory or WriteProcessMemory request was completed. (0x12B)
[0130/143615.897:WARNING:pe_image_reader.cc(340)] could not read dos header from C:\WINDOWS\System32\MSASN1.dll
[0130/143615.897:ERROR:process_memory_win.cc(73)] ReadMemory at 0x7ff97b4f0000 of 64 bytes failed: Only part of a ReadProcessMemory or WriteProcessMemory request was completed. (0x12B)
[0130/143615.897:WARNING:pe_image_reader.cc(340)] could not read dos header from C:\WINDOWS\System32\CRYPT32.dll
[0130/143615.897:ERROR:process_memory_win.cc(73)] ReadMemory at 0x7ff979d50000 of 64 bytes failed: Only part of a ReadProcessMemory or WriteProcessMemory request was completed. (0x12B)
[0130/143615.897:WARNING:pe_image_reader.cc(340)] could not read dos header from C:\WINDOWS\SYSTEM32\IPHLPAPI.DLL
[0130/143615.897:ERROR:process_memory_win.cc(73)] ReadMemory at 0x7ff977350000 of 64 bytes failed: Only part of a ReadProcessMemory or WriteProcessMemory request was completed. (0x12B)
[0130/143615.897:WARNING:pe_image_reader.cc(340)] could not read dos header from C:\WINDOWS\SYSTEM32\WINMM.dll
[0130/143615.898:ERROR:process_memory_win.cc(73)] ReadMemory at 0x7ff97a720000 of 64 bytes failed: Only part of a ReadProcessMemory or WriteProcessMemory request was completed. (0x12B)
[0130/143615.898:WARNING:pe_image_reader.cc(340)] could not read dos header from C:\WINDOWS\SYSTEM32\USERENV.dll
[0130/143615.898:ERROR:process_memory_win.cc(73)] ReadMemory at 0x7ff97a8b0000 of 64 bytes failed: Only part of a ReadProcessMemory or WriteProcessMemory request was completed. (0x12B)
[0130/143615.898:WARNING:pe_image_reader.cc(340)] could not read dos header from C:\WINDOWS\System32\profapi.dll
[0130/143615.898:ERROR:process_memory_win.cc(73)] ReadMemory at 0x7ff96cdc0000 of 64 bytes failed: Only part of a ReadProcessMemory or WriteProcessMemory request was completed. (0x12B)
[0130/143615.898:WARNING:pe_image_reader.cc(340)] could not read dos header from C:\WINDOWS\SYSTEM32\DWrite.dll
[0130/143615.898:ERROR:process_memory_win.cc(73)] ReadMemory at 0x7ff966360000 of 64 bytes failed: Only part of a ReadProcessMemory or WriteProcessMemory request was completed. (0x12B)
[0130/143615.898:WARNING:pe_image_reader.cc(340)] could not read dos header from C:\WINDOWS\SYSTEM32\WINSPOOL.DRV
[0130/143615.898:ERROR:process_memory_win.cc(73)] ReadMemory at 0x7ff97a840000 of 64 bytes failed: Only part of a ReadProcessMemory or WriteProcessMemory request was completed. (0x12B)
[0130/143615.898:WARNING:pe_image_reader.cc(340)] could not read dos header from C:\WINDOWS\System32\kernel.appcore.dll
[0130/143615.898:ERROR:process_memory_win.cc(73)] ReadMemory at 0x7ff97b990000 of 64 bytes failed: Only part of a ReadProcessMemory or WriteProcessMemory request was completed. (0x12B)
[0130/143615.898:WARNING:pe_image_reader.cc(340)] could not read dos header from C:\WINDOWS\System32\bcrypt.dll
[0130/143615.899:ERROR:process_memory_win.cc(73)] ReadMemory at 0x7ff96c490000 of 64 bytes failed: Only part of a ReadProcessMemory or WriteProcessMemory request was completed. (0x12B)
[0130/143615.899:WARNING:pe_image_reader.cc(340)] could not read dos header from C:\WINDOWS\SYSTEM32\dbghelp.dll
[0130/143615.899:ERROR:process_memory_win.cc(73)] ReadMemory at 0x7ff9696e0000 of 64 bytes failed: Only part of a ReadProcessMemory or WriteProcessMemory request was completed. (0x12B)
[0130/143615.899:WARNING:pe_image_reader.cc(340)] could not read dos header from C:\WINDOWS\SYSTEM32\Secur32.dll
[0130/143615.899:ERROR:process_memory_win.cc(73)] ReadMemory at 0x7ff9760e0000 of 64 bytes failed: Only part of a ReadProcessMemory or WriteProcessMemory request was completed. (0x12B)
[0130/143615.899:WARNING:pe_image_reader.cc(340)] could not read dos header from C:\WINDOWS\SYSTEM32\WINHTTP.dll
[0130/143615.899:ERROR:process_memory_win.cc(73)] ReadMemory at 0x7ff9742b0000 of 64 bytes failed: Only part of a ReadProcessMemory or WriteProcessMemory request was completed. (0x12B)
[0130/143615.899:WARNING:pe_image_reader.cc(340)] could not read dos header from C:\WINDOWS\SYSTEM32\dhcpcsvc.DLL
[0130/143615.899:ERROR:process_memory_win.cc(73)] ReadMemory at 0x7ff97ca70000 of 64 bytes failed: Only part of a ReadProcessMemory or WriteProcessMemory request was completed. (0x12B)
[0130/143615.899:WARNING:pe_image_reader.cc(340)] could not read dos header from C:\WINDOWS\System32\NSI.dll
[0130/143615.899:ERROR:process_memory_win.cc(73)] ReadMemory at 0x7ff977320000 of 64 bytes failed: Only part of a ReadProcessMemory or WriteProcessMemory request was completed. (0x12B)
[0130/143615.899:WARNING:pe_image_reader.cc(340)] could not read dos header from C:\WINDOWS\SYSTEM32\WINMMBASE.dll
[0130/143615.899:ERROR:process_memory_win.cc(73)] ReadMemory at 0x7ff97b9c0000 of 64 bytes failed: Only part of a ReadProcessMemory or WriteProcessMemory request was completed. (0x12B)
[0130/143615.899:WARNING:pe_image_reader.cc(340)] could not read dos header from C:\WINDOWS\System32\cfgmgr32.dll
[0130/143615.899:ERROR:process_memory_win.cc(73)] ReadMemory at 0x7ff9762a0000 of 64 bytes failed: Only part of a ReadProcessMemory or WriteProcessMemory request was completed. (0x12B)
[0130/143615.899:WARNING:pe_image_reader.cc(340)] could not read dos header from C:\WINDOWS\SYSTEM32\PROPSYS.dll
[0130/143615.899:ERROR:process_memory_win.cc(73)] ReadMemory at 0x7ff97d660000 of 64 bytes failed: Only part of a ReadProcessMemory or WriteProcessMemory request was completed. (0x12B)
[0130/143615.899:WARNING:pe_image_reader.cc(340)] could not read dos header from C:\WINDOWS\System32\shcore.dll
[0130/143615.905:ERROR:process_memory_win.cc(73)] ReadMemory at 0x7ff97a750000 of 64 bytes failed: Only part of a ReadProcessMemory or WriteProcessMemory request was completed. (0x12B)
[0130/143615.905:WARNING:pe_image_reader.cc(340)] could not read dos header from C:\WINDOWS\SYSTEM32\SSPICLI.DLL
[0130/143615.905:ERROR:process_memory_win.cc(73)] ReadMemory at 0x7ff97a210000 of 64 bytes failed: Only part of a ReadProcessMemory or WriteProcessMemory request was completed. (0x12B)
[0130/143615.905:WARNING:pe_image_reader.cc(340)] could not read dos header from C:\WINDOWS\SYSTEM32\CRYPTBASE.DLL
[0130/143616.025:ERROR:process_memory_win.cc(73)] ReadMemory at 0xdacff0000 of 65536 bytes failed: Only part of a ReadProcessMemory or WriteProcessMemory request was completed. (0x12B)
[0130/143616.025:ERROR:process_memory_win.cc(73)] ReadMemory at 0xdad7fd000 of 12288 bytes failed: Only part of a ReadProcessMemory or WriteProcessMemory request was completed. (0x12B)
[0130/143616.026:ERROR:process_memory_win.cc(73)] ReadMemory at 0xdae7fd000 of 12288 bytes failed: Only part of a ReadProcessMemory or WriteProcessMemory request was completed. (0x12B)
[0130/143616.026:ERROR:process_memory_win.cc(73)] ReadMemory at 0xdaeffc000 of 16384 bytes failed: Only part of a ReadProcessMemory or WriteProcessMemory request was completed. (0x12B)
[0130/143616.026:ERROR:process_memory_win.cc(73)] ReadMemory at 0xdaf7fe000 of 8192 bytes failed: Only part of a ReadProcessMemory or WriteProcessMemory request was completed. (0x12B)
[0130/143616.027:ERROR:process_memory_win.cc(73)] ReadMemory at 0xdafffd000 of 12288 bytes failed: Only part of a ReadProcessMemory or WriteProcessMemory request was completed. (0x12B)
[0130/143616.027:ERROR:process_memory_win.cc(73)] ReadMemory at 0xdb07fb000 of 20480 bytes failed: Only part of a ReadProcessMemory or WriteProcessMemory request was completed. (0x12B)
[0130/143616.027:ERROR:process_memory_win.cc(73)] ReadMemory at 0xdb0ffd000 of 12288 bytes failed: Only part of a ReadProcessMemory or WriteProcessMemory request was completed. (0x12B)
[0130/143616.027:ERROR:process_memory_win.cc(73)] ReadMemory at 0xdb1ff7000 of 36864 bytes failed: Only part of a ReadProcessMemory or WriteProcessMemory request was completed. (0x12B)
[0130/143616.027:ERROR:process_memory_win.cc(73)] ReadMemory at 0xdb27f6000 of 40960 bytes failed: Only part of a ReadProcessMemory or WriteProcessMemory request was completed. (0x12B)
[0130/143616.028:ERROR:process_memory_win.cc(73)] ReadMemory at 0xdb2ffd000 of 12288 bytes failed: Only part of a ReadProcessMemory or WriteProcessMemory request was completed. (0x12B)
[0130/143616.028:ERROR:process_memory_win.cc(73)] ReadMemory at 0xdadffe000 of 8192 bytes failed: Only part of a ReadProcessMemory or WriteProcessMemory request was completed. (0x12B)
[0130/143616.028:ERROR:process_memory_win.cc(73)] ReadMemory at 0xdb37fd000 of 12288 bytes failed: Only part of a ReadProcessMemory or WriteProcessMemory request was completed. (0x12B)
[0130/143616.028:ERROR:process_memory_win.cc(73)] ReadMemory at 0xdb47f6000 of 40960 bytes failed: Only part of a ReadProcessMemory or WriteProcessMemory request was completed. (0x12B)
[0130/143616.028:ERROR:process_memory_win.cc(73)] ReadMemory at 0xdb17fc000 of 16384 bytes failed: Only part of a ReadProcessMemory or WriteProcessMemory request was completed. (0x12B)
[0130/143616.029:ERROR:process_memory_win.cc(73)] ReadMemory at 0xdb3ffc000 of 16384 bytes failed: Only part of a ReadProcessMemory or WriteProcessMemory request was completed. (0x12B)
[0130/143616.029:ERROR:process_memory_win.cc(73)] ReadMemory at 0xdb4ffe000 of 8192 bytes failed: Only part of a ReadProcessMemory or WriteProcessMemory request was completed. (0x12B)
[0130/143616.029:ERROR:process_memory_win.cc(73)] ReadMemory at 0xdac600000 of 852 bytes failed: Only part of a ReadProcessMemory or WriteProcessMemory request was completed. (0x12B)
[0130/143616.029:ERROR:process_memory_win.cc(73)] ReadMemory at 0xdac601000 of 6024 bytes failed: Only part of a ReadProcessMemory or WriteProcessMemory request was completed. (0x12B)
[0130/143616.029:ERROR:process_memory_win.cc(73)] ReadMemory at 0xdac603000 of 6024 bytes failed: Only part of a ReadProcessMemory or WriteProcessMemory request was completed. (0x12B)
[0130/143616.029:ERROR:process_memory_win.cc(73)] ReadMemory at 0xdac607000 of 6024 bytes failed: Only part of a ReadProcessMemory or WriteProcessMemory request was completed. (0x12B)
[0130/143616.029:ERROR:process_memory_win.cc(73)] ReadMemory at 0xdac609000 of 6024 bytes failed: Only part of a ReadProcessMemory or WriteProcessMemory request was completed. (0x12B)
[0130/143616.030:ERROR:process_memory_win.cc(73)] ReadMemory at 0xdac60b000 of 6024 bytes failed: Only part of a ReadProcessMemory or WriteProcessMemory request was completed. (0x12B)
[0130/143616.030:ERROR:process_memory_win.cc(73)] ReadMemory at 0xdac60d000 of 6024 bytes failed: Only part of a ReadProcessMemory or WriteProcessMemory request was completed. (0x12B)
[0130/143616.030:ERROR:process_memory_win.cc(73)] ReadMemory at 0xdac60f000 of 6024 bytes failed: Only part of a ReadProcessMemory or WriteProcessMemory request was completed. (0x12B)
[0130/143616.030:ERROR:process_memory_win.cc(73)] ReadMemory at 0xdac611000 of 6024 bytes failed: Only part of a ReadProcessMemory or WriteProcessMemory request was completed. (0x12B)
[0130/143616.030:ERROR:process_memory_win.cc(73)] ReadMemory at 0xdac615000 of 6024 bytes failed: Only part of a ReadProcessMemory or WriteProcessMemory request was completed. (0x12B)
[0130/143616.031:ERROR:process_memory_win.cc(73)] ReadMemory at 0xdac617000 of 6024 bytes failed: Only part of a ReadProcessMemory or WriteProcessMemory request was completed. (0x12B)
[0130/143616.031:ERROR:process_memory_win.cc(73)] ReadMemory at 0xdac619000 of 6024 bytes failed: Only part of a ReadProcessMemory or WriteProcessMemory request was completed. (0x12B)
[0130/143616.031:ERROR:process_memory_win.cc(73)] ReadMemory at 0xdac61f000 of 6024 bytes failed: Only part of a ReadProcessMemory or WriteProcessMemory request was completed. (0x12B)
[0130/143616.031:ERROR:process_memory_win.cc(73)] ReadMemory at 0xdac625000 of 6024 bytes failed: Only part of a ReadProcessMemory or WriteProcessMemory request was completed. (0x12B)
[0130/143616.031:ERROR:process_memory_win.cc(73)] ReadMemory at 0xdac62d000 of 6024 bytes failed: Only part of a ReadProcessMemory or WriteProcessMemory request was completed. (0x12B)
[0130/143616.031:ERROR:process_memory_win.cc(73)] ReadMemory at 0xdac633000 of 6024 bytes failed: Only part of a ReadProcessMemory or WriteProcessMemory request was completed. (0x12B)
[0130/143616.032:ERROR:process_memory_win.cc(73)] ReadMemory at 0xdac635000 of 6024 bytes failed: Only part of a ReadProcessMemory or WriteProcessMemory request was completed. (0x12B)
[0130/143616.032:ERROR:process_memory_win.cc(73)] ReadMemory at 0xdac637000 of 6024 bytes failed: Only part of a ReadProcessMemory or WriteProcessMemory request was completed. (0x12B)
[0130/143616.034:ERROR:process_memory_win.cc(73)] ReadMemory at 0xf73669d2e9 of 577 bytes failed: Only part of a ReadProcessMemory or WriteProcessMemory request was completed. (0x12B)
[0130/143616.034:ERROR:process_memory_win.cc(73)] ReadMemory at 0x1d9c3b10fe0 of 19850 bytes failed: Only part of a ReadProcessMemory or WriteProcessMemory request was completed. (0x12B)
[0130/143616.034:ERROR:process_memory_win.cc(73)] ReadMemory at 0x1d9c3b15d80 of 1012 bytes failed: Only part of a ReadProcessMemory or WriteProcessMemory request was completed. (0x12B)
[0130/143616.034:ERROR:process_memory_win.cc(73)] ReadMemory at 0x1d9c3b163c8 of 118 bytes failed: Only part of a ReadProcessMemory or WriteProcessMemory request was completed. (0x12B)
[0130/143616.034:ERROR:process_memory_win.cc(73)] ReadMemory at 0x1d9c3b16440 of 900 bytes failed: Only part of a ReadProcessMemory or WriteProcessMemory request was completed. (0x12B)
[0130/143616.034:ERROR:process_memory_win.cc(73)] ReadMemory at 0x1d9c3b167c6 of 118 bytes failed: Only part of a ReadProcessMemory or WriteProcessMemory request was completed. (0x12B)
[0130/143616.034:ERROR:process_memory_win.cc(73)] ReadMemory at 0x1d9c3b1683e of 100 bytes failed: Only part of a ReadProcessMemory or WriteProcessMemory request was completed. (0x12B)
[0130/143616.035:ERROR:process_memory_win.cc(73)] ReadMemory at 0x1d9c3b168b0 of 58 bytes failed: Only part of a ReadProcessMemory or WriteProcessMemory request was completed. (0x12B)
[0130/143616.035:ERROR:process_memory_win.cc(73)] ReadMemory at 0x1d9c3b169b0 of 132 bytes failed: Only part of a ReadProcessMemory or WriteProcessMemory request was completed. (0x12B)
[0130/143616.035:ERROR:process_memory_win.cc(73)] ReadMemory at 0x1d9c3b16b40 of 132 bytes failed: Only part of a ReadProcessMemory or WriteProcessMemory request was completed. (0x12B)
[0130/143616.053:ERROR:process_memory_win.cc(73)] ReadMemory at 0x1d9c3b16d00 of 126 bytes failed: Only part of a ReadProcessMemory or WriteProcessMemory request was completed. (0x12B)
[0130/143616.053:ERROR:process_memory_win.cc(73)] ReadMemory at 0x1d9c3b17000 of 132 bytes failed: Only part of a ReadProcessMemory or WriteProcessMemory request was completed. (0x12B)
[0130/143616.053:ERROR:process_memory_win.cc(73)] ReadMemory at 0x1d9c3b17580 of 132 bytes failed: Only part of a ReadProcessMemory or WriteProcessMemory request was completed. (0x12B)
[0130/143616.053:ERROR:process_memory_win.cc(73)] ReadMemory at 0x1d9c3b17710 of 64 bytes failed: Only part of a ReadProcessMemory or WriteProcessMemory request was completed. (0x12B)
[0130/143616.053:ERROR:process_memory_win.cc(73)] ReadMemory at 0x1d9c3b17900 of 132 bytes failed: Only part of a ReadProcessMemory or WriteProcessMemory request was completed. (0x12B)
[0130/143616.053:ERROR:process_memory_win.cc(73)] ReadMemory at 0x1d9c3b17b70 of 132 bytes failed: Only part of a ReadProcessMemory or WriteProcessMemory request was completed. (0x12B)
[0130/143616.053:ERROR:process_memory_win.cc(73)] ReadMemory at 0x1d9c3b17d00 of 68 bytes failed: Only part of a ReadProcessMemory or WriteProcessMemory request was completed. (0x12B)
[0130/143616.054:ERROR:process_memory_win.cc(73)] ReadMemory at 0x1d9c3b213d0 of 132 bytes failed: Only part of a ReadProcessMemory or WriteProcessMemory request was completed. (0x12B)
[0130/143616.054:ERROR:process_memory_win.cc(73)] ReadMemory at 0x1d9c3b21540 of 132 bytes failed: Only part of a ReadProcessMemory or WriteProcessMemory request was completed. (0x12B)
[0130/143616.054:ERROR:process_memory_win.cc(73)] ReadMemory at 0x1d9c3b21670 of 154 bytes failed: Only part of a ReadProcessMemory or WriteProcessMemory request was completed. (0x12B)
[0130/143616.054:ERROR:process_memory_win.cc(73)] ReadMemory at 0x1d9c3b21dc0 of 132 bytes failed: Only part of a ReadProcessMemory or WriteProcessMemory request was completed. (0x12B)
[0130/143616.054:ERROR:process_memory_win.cc(73)] ReadMemory at 0x1d9c3b22360 of 80 bytes failed: Only part of a ReadProcessMemory or WriteProcessMemory request was completed. (0x12B)
[0130/143616.147:ERROR:process_memory_win.cc(73)] ReadMemory at 0x1d9c3b22700 of 132 bytes failed: Only part of a ReadProcessMemory or WriteProcessMemory request was completed. (0x12B)
[0130/143616.147:ERROR:process_memory_win.cc(73)] ReadMemory at 0x1d9c3b22a60 of 132 bytes failed: Only part of a ReadProcessMemory or WriteProcessMemory request was completed. (0x12B)
[0130/143616.147:ERROR:process_memory_win.cc(73)] ReadMemory at 0x1d9c3b22c70 of 132 bytes failed: Only part of a ReadProcessMemory or WriteProcessMemory request was completed. (0x12B)
[0130/143616.148:ERROR:process_memory_win.cc(73)] ReadMemory at 0x1d9c3b24160 of 62 bytes failed: Only part of a ReadProcessMemory or WriteProcessMemory request was completed. (0x12B)
[0130/143616.148:ERROR:process_memory_win.cc(73)] ReadMemory at 0x1d9c3b24480 of 60 bytes failed: Only part of a ReadProcessMemory or WriteProcessMemory request was completed. (0x12B)
[0130/143616.148:ERROR:process_memory_win.cc(73)] ReadMemory at 0x1d9c3b281d0 of 132 bytes failed: Only part of a ReadProcessMemory or WriteProcessMemory request was completed. (0x12B)
[0130/143616.148:ERROR:process_memory_win.cc(73)] ReadMemory at 0x1d9c3b2a1b0 of 62 bytes failed: Only part of a ReadProcessMemory or WriteProcessMemory request was completed. (0x12B)
[0130/143616.148:ERROR:process_memory_win.cc(73)] ReadMemory at 0x1d9c3b2a200 of 66 bytes failed: Only part of a ReadProcessMemory or WriteProcessMemory request was completed. (0x12B)
[0130/143616.149:ERROR:process_memory_win.cc(73)] ReadMemory at 0x1d9c3b2a250 of 60 bytes failed: Only part of a ReadProcessMemory or WriteProcessMemory request was completed. (0x12B)
[0130/143616.149:ERROR:process_memory_win.cc(73)] ReadMemory at 0x1d9c3b2a2a0 of 62 bytes failed: Only part of a ReadProcessMemory or WriteProcessMemory request was completed. (0x12B)
[0130/143616.150:ERROR:process_memory_win.cc(73)] ReadMemory at 0x1d9c3b2a4d0 of 58 bytes failed: Only part of a ReadProcessMemory or WriteProcessMemory request was completed. (0x12B)
[0130/143616.150:ERROR:process_memory_win.cc(73)] ReadMemory at 0x1d9c3b2a520 of 62 bytes failed: Only part of a ReadProcessMemory or WriteProcessMemory request was completed. (0x12B)
[0130/143616.150:ERROR:process_memory_win.cc(73)] ReadMemory at 0x1d9c3b2a570 of 60 bytes failed: Only part of a ReadProcessMemory or WriteProcessMemory request was completed. (0x12B)
[0130/143616.150:ERROR:process_memory_win.cc(73)] ReadMemory at 0x1d9c3b2a5c0 of 62 bytes failed: Only part of a ReadProcessMemory or WriteProcessMemory request was completed. (0x12B)
[0130/143616.150:ERROR:process_memory_win.cc(73)] ReadMemory at 0x1d9c3b2a610 of 64 bytes failed: Only part of a ReadProcessMemory or WriteProcessMemory request was completed. (0x12B)
[0130/143616.151:ERROR:process_memory_win.cc(73)] ReadMemory at 0x1d9c3b2a6b0 of 66 bytes failed: Only part of a ReadProcessMemory or WriteProcessMemory request was completed. (0x12B)
[0130/143616.151:ERROR:process_memory_win.cc(73)] ReadMemory at 0x1d9c3b2a700 of 64 bytes failed: Only part of a ReadProcessMemory or WriteProcessMemory request was completed. (0x12B)
[0130/143616.151:ERROR:process_memory_win.cc(73)] ReadMemory at 0x1d9c3b2a750 of 64 bytes failed: Only part of a ReadProcessMemory or WriteProcessMemory request was completed. (0x12B)
[0130/143616.151:ERROR:process_memory_win.cc(73)] ReadMemory at 0x1d9c3b2a7a0 of 62 bytes failed: Only part of a ReadProcessMemory or WriteProcessMemory request was completed. (0x12B)
[0130/143616.151:ERROR:process_memory_win.cc(73)] ReadMemory at 0x1d9c3b2a7f0 of 64 bytes failed: Only part of a ReadProcessMemory or WriteProcessMemory request was completed. (0x12B)
[0130/143616.151:ERROR:process_memory_win.cc(73)] ReadMemory at 0x1d9c3b2a930 of 64 bytes failed: Only part of a ReadProcessMemory or WriteProcessMemory request was completed. (0x12B)
[0130/143616.151:ERROR:process_memory_win.cc(73)] ReadMemory at 0x1d9c3b2a9d0 of 62 bytes failed: Only part of a ReadProcessMemory or WriteProcessMemory request was completed. (0x12B)
[0130/143616.151:ERROR:process_memory_win.cc(73)] ReadMemory at 0x1d9c3b2aa20 of 62 bytes failed: Only part of a ReadProcessMemory or WriteProcessMemory request was completed. (0x12B)
[0130/143616.151:ERROR:process_memory_win.cc(73)] ReadMemory at 0x1d9c3b2aa70 of 60 bytes failed: Only part of a ReadProcessMemory or WriteProcessMemory request was completed. (0x12B)
[0130/143616.152:ERROR:process_memory_win.cc(73)] ReadMemory at 0x1d9c3b2aac0 of 64 bytes failed: Only part of a ReadProcessMemory or WriteProcessMemory request was completed. (0x12B)
[0130/143616.152:ERROR:process_memory_win.cc(73)] ReadMemory at 0x1d9c3b2ab10 of 62 bytes failed: Only part of a ReadProcessMemory or WriteProcessMemory request was completed. (0x12B)
[0130/143616.152:ERROR:process_memory_win.cc(73)] ReadMemory at 0x1d9c3b2abb0 of 62 bytes failed: Only part of a ReadProcessMemory or WriteProcessMemory request was completed. (0x12B)
[0130/143616.152:ERROR:process_memory_win.cc(73)] ReadMemory at 0x1d9c3b2ac00 of 60 bytes failed: Only part of a ReadProcessMemory or WriteProcessMemory request was completed. (0x12B)
[0130/143616.152:ERROR:process_memory_win.cc(73)] ReadMemory at 0x1d9c3b2ad40 of 64 bytes failed: Only part of a ReadProcessMemory or WriteProcessMemory request was completed. (0x12B)
[0130/143616.152:ERROR:process_memory_win.cc(73)] ReadMemory at 0x1d9c3b2ae30 of 60 bytes failed: Only part of a ReadProcessMemory or WriteProcessMemory request was completed. (0x12B)
[0130/143616.152:ERROR:process_memory_win.cc(73)] ReadMemory at 0x1d9c3b2ae80 of 64 bytes failed: Only part of a ReadProcessMemory or WriteProcessMemory request was completed. (0x12B)
[0130/143616.152:ERROR:process_memory_win.cc(73)] ReadMemory at 0x1d9c3b2af70 of 62 bytes failed: Only part of a ReadProcessMemory or WriteProcessMemory request was completed. (0x12B)
[0130/143616.152:ERROR:process_memory_win.cc(73)] ReadMemory at 0x1d9c3b2b060 of 60 bytes failed: Only part of a ReadProcessMemory or WriteProcessMemory request was completed. (0x12B)
[0130/143616.152:ERROR:process_memory_win.cc(73)] ReadMemory at 0x1d9c3b2b2d0 of 132 bytes failed: Only part of a ReadProcessMemory or WriteProcessMemory request was completed. (0x12B)
[0130/143616.152:ERROR:process_memory_win.cc(73)] ReadMemory at 0x1d9c3b2e720 of 132 bytes failed: Only part of a ReadProcessMemory or WriteProcessMemory request was completed. (0x12B)
[0130/143616.153:ERROR:process_memory_win.cc(73)] ReadMemory at 0x1d9c3b2f940 of 54 bytes failed: Only part of a ReadProcessMemory or WriteProcessMemory request was completed. (0x12B)
[0130/143616.153:ERROR:process_memory_win.cc(73)] ReadMemory at 0x1d9c3b30e70 of 132 bytes failed: Only part of a ReadProcessMemory or WriteProcessMemory request was completed. (0x12B)
[0130/143616.153:ERROR:process_memory_win.cc(73)] ReadMemory at 0x1d9c3b30fa0 of 132 bytes failed: Only part of a ReadProcessMemory or WriteProcessMemory request was completed. (0x12B)
[0130/143616.153:ERROR:process_memory_win.cc(73)] ReadMemory at 0x1d9c3b310d0 of 132 bytes failed: Only part of a ReadProcessMemory or WriteProcessMemory request was completed. (0x12B)
[0130/143616.153:ERROR:process_memory_win.cc(73)] ReadMemory at 0x1d9c3b31200 of 132 bytes failed: Only part of a ReadProcessMemory or WriteProcessMemory request was completed. (0x12B)
[0130/143616.153:ERROR:process_memory_win.cc(73)] ReadMemory at 0x1d9c3b31330 of 132 bytes failed: Only part of a ReadProcessMemory or WriteProcessMemory request was completed. (0x12B)
[0130/143616.153:ERROR:process_memory_win.cc(73)] ReadMemory at 0x1d9c3b31460 of 132 bytes failed: Only part of a ReadProcessMemory or WriteProcessMemory request was completed. (0x12B)
[0130/143616.153:ERROR:process_memory_win.cc(73)] ReadMemory at 0x1d9c3b31590 of 132 bytes failed: Only part of a ReadProcessMemory or WriteProcessMemory request was completed. (0x12B)
[0130/143616.153:ERROR:process_memory_win.cc(73)] ReadMemory at 0x1d9c3b316c0 of 132 bytes failed: Only part of a ReadProcessMemory or WriteProcessMemory request was completed. (0x12B)
[0130/143616.153:ERROR:process_memory_win.cc(73)] ReadMemory at 0x1d9c3b317f0 of 132 bytes failed: Only part of a ReadProcessMemory or WriteProcessMemory request was completed. (0x12B)
[0130/143616.154:ERROR:process_memory_win.cc(73)] ReadMemory at 0x1d9c3b31920 of 132 bytes failed: Only part of a ReadProcessMemory or WriteProcessMemory request was completed. (0x12B)
[0130/143616.154:ERROR:process_memory_win.cc(73)] ReadMemory at 0x1d9c3b31a50 of 132 bytes failed: Only part of a ReadProcessMemory or WriteProcessMemory request was completed. (0x12B)
[0130/143616.154:ERROR:process_memory_win.cc(73)] ReadMemory at 0x1d9c3b31cb0 of 132 bytes failed: Only part of a ReadProcessMemory or WriteProcessMemory request was completed. (0x12B)
[0130/143616.154:ERROR:process_memory_win.cc(73)] ReadMemory at 0x1d9c3b31fb0 of 158 bytes failed: Only part of a ReadProcessMemory or WriteProcessMemory request was completed. (0x12B)
[0130/143616.154:ERROR:process_memory_win.cc(73)] ReadMemory at 0x1d9c3b32090 of 132 bytes failed: Only part of a ReadProcessMemory or WriteProcessMemory request was completed. (0x12B)
[0130/143616.154:ERROR:process_memory_win.cc(73)] ReadMemory at 0x1d9c3b34060 of 76 bytes failed: Only part of a ReadProcessMemory or WriteProcessMemory request was completed. (0x12B)
[0130/143616.154:ERROR:process_memory_win.cc(73)] ReadMemory at 0x1d9c3b35130 of 132 bytes failed: Only part of a ReadProcessMemory or WriteProcessMemory request was completed. (0x12B)
[0130/143616.154:ERROR:process_memory_win.cc(73)] ReadMemory at 0x1d9c3b35260 of 132 bytes failed: Only part of a ReadProcessMemory or WriteProcessMemory request was completed. (0x12B)
[0130/143616.154:ERROR:process_memory_win.cc(73)] ReadMemory at 0x1d9c3b35d10 of 132 bytes failed: Only part of a ReadProcessMemory or WriteProcessMemory request was completed. (0x12B)
[0130/143616.154:ERROR:process_memory_win.cc(73)] ReadMemory at 0x1d9c3b35e40 of 132 bytes failed: Only part of a ReadProcessMemory or WriteProcessMemory request was completed. (0x12B)
[0130/143616.155:ERROR:process_memory_win.cc(73)] ReadMemory at 0x1d9c3b360a0 of 132 bytes failed: Only part of a ReadProcessMemory or WriteProcessMemory request was completed. (0x12B)
[0130/143616.155:ERROR:process_memory_win.cc(73)] ReadMemory at 0x1d9c3b36300 of 132 bytes failed: Only part of a ReadProcessMemory or WriteProcessMemory request was completed. (0x12B)
[0130/143616.155:ERROR:process_memory_win.cc(73)] ReadMemory at 0x1d9c3b36560 of 132 bytes failed: Only part of a ReadProcessMemory or WriteProcessMemory request was completed. (0x12B)
[0130/143616.155:ERROR:process_memory_win.cc(73)] ReadMemory at 0x1d9c3b36690 of 132 bytes failed: Only part of a ReadProcessMemory or WriteProcessMemory request was completed. (0x12B)
[0130/143616.155:ERROR:process_memory_win.cc(73)] ReadMemory at 0x1d9c3b36c80 of 132 bytes failed: Only part of a ReadProcessMemory or WriteProcessMemory request was completed. (0x12B)
[0130/143616.155:ERROR:process_memory_win.cc(73)] ReadMemory at 0x1d9c3b36db0 of 132 bytes failed: Only part of a ReadProcessMemory or WriteProcessMemory request was completed. (0x12B)
[0130/143616.155:ERROR:process_memory_win.cc(73)] ReadMemory at 0x1d9c3b36f40 of 512 bytes failed: Only part of a ReadProcessMemory or WriteProcessMemory request was completed. (0x12B)
[0130/143616.155:ERROR:process_memory_win.cc(73)] ReadMemory at 0x1d9c3b372f0 of 512 bytes failed: Only part of a ReadProcessMemory or WriteProcessMemory request was completed. (0x12B)
[0130/143616.155:ERROR:process_memory_win.cc(73)] ReadMemory at 0x1d9c4414060 of 512 bytes failed: Only part of a ReadProcessMemory or WriteProcessMemory request was completed. (0x12B)
[0130/143616.156:ERROR:process_memory_win.cc(73)] ReadMemory at 0x1d9c4416a10 of 512 bytes failed: Only part of a ReadProcessMemory or WriteProcessMemory request was completed. (0x12B)
[0130/143616.156:ERROR:process_memory_win.cc(73)] ReadMemory at 0x1d9c44198a8 of 512 bytes failed: Only part of a ReadProcessMemory or WriteProcessMemory request was completed. (0x12B)
[0130/143616.156:ERROR:process_memory_win.cc(73)] ReadMemory at 0x1d9c4419ed8 of 512 bytes failed: Only part of a ReadProcessMemory or WriteProcessMemory request was completed. (0x12B)
[0130/143616.156:ERROR:process_memory_win.cc(73)] ReadMemory at 0x1d9c44340a0 of 712 bytes failed: Only part of a ReadProcessMemory or WriteProcessMemory request was completed. (0x12B)
[0130/143616.156:ERROR:process_memory_win.cc(73)] ReadMemory at 0x1d9c44492e8 of 512 bytes failed: Only part of a ReadProcessMemory or WriteProcessMemory request was completed. (0x12B)
[0130/143616.157:ERROR:process_memory_win.cc(73)] ReadMemory at 0x1d9c5f4f740 of 512 bytes failed: Only part of a ReadProcessMemory or WriteProcessMemory request was completed. (0x12B)
[0130/143616.157:ERROR:process_memory_win.cc(73)] ReadMemory at 0x1d9c5f63f50 of 512 bytes failed: Only part of a ReadProcessMemory or WriteProcessMemory request was completed. (0x12B)
[0130/143616.157:ERROR:process_memory_win.cc(73)] ReadMemory at 0x1d9c5f6eed0 of 512 bytes failed: Only part of a ReadProcessMemory or WriteProcessMemory request was completed. (0x12B)
[0130/143616.157:ERROR:process_memory_win.cc(73)] ReadMemory at 0x1d9c5f6f710 of 512 bytes failed: Only part of a ReadProcessMemory or WriteProcessMemory request was completed. (0x12B)
[0130/143616.158:ERROR:process_memory_win.cc(73)] ReadMemory at 0x1d9c6503260 of 512 bytes failed: Only part of a ReadProcessMemory or WriteProcessMemory request was completed. (0x12B)
[0130/143616.158:ERROR:process_memory_win.cc(73)] ReadMemory at 0x1d9c65080a0 of 512 bytes failed: Only part of a ReadProcessMemory or WriteProcessMemory request was completed. (0x12B)
[0130/143616.158:ERROR:process_memory_win.cc(73)] ReadMemory at 0x1d9c671eeb8 of 512 bytes failed: Only part of a ReadProcessMemory or WriteProcessMemory request was completed. (0x12B)
[0130/143616.158:ERROR:process_memory_win.cc(73)] ReadMemory at 0x1d9c6a1abd0 of 512 bytes failed: Only part of a ReadProcessMemory or WriteProcessMemory request was completed. (0x12B)
[0130/143616.158:ERROR:process_memory_win.cc(73)] ReadMemory at 0x1d9c6c7d0c0 of 512 bytes failed: Only part of a ReadProcessMemory or WriteProcessMemory request was completed. (0x12B)
[0130/143616.158:ERROR:process_memory_win.cc(73)] ReadMemory at 0x1d9c71618e8 of 512 bytes failed: Only part of a ReadProcessMemory or WriteProcessMemory request was completed. (0x12B)
[0130/143616.159:ERROR:process_memory_win.cc(73)] ReadMemory at 0x2c9ea95d2b0c of 512 bytes failed: Only part of a ReadProcessMemory or WriteProcessMemory request was completed. (0x12B)
[0130/143616.159:ERROR:process_memory_win.cc(73)] ReadMemory at 0x7ff90b12fa54 of 512 bytes failed: Only part of a ReadProcessMemory or WriteProcessMemory request was completed. (0x12B)
[0130/143616.160:ERROR:process_memory_win.cc(73)] ReadMemory at 0x7ff90c80f0ec of 512 bytes failed: Only part of a ReadProcessMemory or WriteProcessMemory request was completed. (0x12B)
[0130/143616.160:ERROR:process_memory_win.cc(73)] ReadMemory at 0x7ff90f162350 of 512 bytes failed: Only part of a ReadProcessMemory or WriteProcessMemory request was completed. (0x12B)
[0130/143616.160:ERROR:process_memory_win.cc(73)] ReadMemory at 0x7ff947707bc3 of 512 bytes failed: Only part of a ReadProcessMemory or WriteProcessMemory request was completed. (0x12B)
[0130/143616.160:ERROR:process_memory_win.cc(73)] ReadMemory at 0x7ff9477083ba of 512 bytes failed: Only part of a ReadProcessMemory or WriteProcessMemory request was completed. (0x12B)
[0130/143616.161:ERROR:process_memory_win.cc(73)] ReadMemory at 0x7ff97d9fc0c4 of 672 bytes failed: Only part of a ReadProcessMemory or WriteProcessMemory request was completed. (0x12B)
[0130/143616.161:ERROR:process_memory_win.cc(73)] ReadMemory at 0x7ff97d9ff974 of 608 bytes failed: Only part of a ReadProcessMemory or WriteProcessMemory request was completed. (0x12B)
[0130/143616.161:ERROR:process_memory_win.cc(73)] ReadMemory at 0x7ff97da8c428 of 18 bytes failed: Only part of a ReadProcessMemory or WriteProcessMemory request was completed. (0x12B)
[0130/143616.161:ERROR:process_memory_win.cc(73)] ReadMemory at 0x7ff97dabf4f8 of 40 bytes failed: Only part of a ReadProcessMemory or WriteProcessMemory request was completed. (0x12B)
[0130/143616.161:ERROR:process_memory_win.cc(73)] ReadMemory at 0x7ff97dabf978 of 48 bytes failed: Only part of a ReadProcessMemory or WriteProcessMemory request was completed. (0x12B)
[0130/143616.161:ERROR:process_memory_win.cc(73)] ReadMemory at 0x7ff97dac53c0 of 64 bytes failed: Only part of a ReadProcessMemory or WriteProcessMemory request was completed. (0x12B)
[0130/143616.206:ERROR:scoped_process_suspend.cc(40)] NtResumeProcess: An attempt was made to access an exiting process. (0xc000010a)
[0130/152333.248:ERROR:process_memory_win.cc(73)] ReadMemory at 0x1e9be63da30 of 72 bytes failed: Only part of a ReadProcessMemory or WriteProcessMemory request was completed. (0x12B)
[0130/152333.559:WARNING:pe_image_annotations_reader.cc(134)] could not read annotations list object in C:\Program Files (x86)\Google\Chrome\Application\79.0.3945.130\chrome_elf.dll
[0130/152333.560:ERROR:process_memory_win.cc(73)] ReadMemory at 0x1e9beb67ca0 of 72 bytes failed: Only part of a ReadProcessMemory or WriteProcessMemory request was completed. (0x12B)
[0130/152333.560:WARNING:pe_image_annotations_reader.cc(134)] could not read annotations list object in C:\Program Files (x86)\Google\Chrome\Application\79.0.3945.130\chrome_child.dll
[0130/152333.562:ERROR:process_memory_win.cc(73)] ReadMemory at 0x1e9be63da30 of 72 bytes failed: Only part of a ReadProcessMemory or WriteProcessMemory request was completed. (0x12B)
[0130/152333.562:WARNING:pe_image_annotations_reader.cc(134)] could not read annotations list object in C:\Program Files (x86)\Google\Chrome\Application\79.0.3945.130\chrome_elf.dll
[0130/152333.562:ERROR:process_memory_win.cc(73)] ReadMemory at 0x1e9beb67ca0 of 72 bytes failed: Only part of a ReadProcessMemory or WriteProcessMemory request was completed. (0x12B)
[0130/152333.562:WARNING:pe_image_annotations_reader.cc(134)] could not read annotations list object in C:\Program Files (x86)\Google\Chrome\Application\79.0.3945.130\chrome_child.dll
[0130/152333.995:ERROR:process_memory_win.cc(73)] ReadMemory at 0xa829df0000 of 65536 bytes failed: Only part of a ReadProcessMemory or WriteProcessMemory request was completed. (0x12B)
[0130/152333.995:ERROR:process_memory_win.cc(73)] ReadMemory at 0xa82a5fd000 of 12288 bytes failed: Only part of a ReadProcessMemory or WriteProcessMemory request was completed. (0x12B)
[0130/152333.996:ERROR:process_memory_win.cc(73)] ReadMemory at 0xa82b5fc000 of 16384 bytes failed: Only part of a ReadProcessMemory or WriteProcessMemory request was completed. (0x12B)
[0130/152333.996:ERROR:process_memory_win.cc(73)] ReadMemory at 0xa82bdfc000 of 16384 bytes failed: Only part of a ReadProcessMemory or WriteProcessMemory request was completed. (0x12B)
[0130/152333.996:ERROR:process_memory_win.cc(73)] ReadMemory at 0xa82c5fe000 of 8192 bytes failed: Only part of a ReadProcessMemory or WriteProcessMemory request was completed. (0x12B)
[0130/152334.023:ERROR:process_memory_win.cc(73)] ReadMemory at 0xa82cdfd000 of 12288 bytes failed: Only part of a ReadProcessMemory or WriteProcessMemory request was completed. (0x12B)
[0130/152334.023:ERROR:process_memory_win.cc(73)] ReadMemory at 0xa82d5fb000 of 20480 bytes failed: Only part of a ReadProcessMemory or WriteProcessMemory request was completed. (0x12B)
[0130/152334.023:ERROR:process_memory_win.cc(73)] ReadMemory at 0xa82ddfd000 of 12288 bytes failed: Only part of a ReadProcessMemory or WriteProcessMemory request was completed. (0x12B)
[0130/152334.023:ERROR:process_memory_win.cc(73)] ReadMemory at 0xa82edf6000 of 40960 bytes failed: Only part of a ReadProcessMemory or WriteProcessMemory request was completed. (0x12B)
[0130/152334.023:ERROR:process_memory_win.cc(73)] ReadMemory at 0xa82f5f7000 of 36864 bytes failed: Only part of a ReadProcessMemory or WriteProcessMemory request was completed. (0x12B)
[0130/152334.024:ERROR:process_memory_win.cc(73)] ReadMemory at 0xa82fdfd000 of 12288 bytes failed: Only part of a ReadProcessMemory or WriteProcessMemory request was completed. (0x12B)
[0130/152334.024:ERROR:process_memory_win.cc(73)] ReadMemory at 0xa8305fe000 of 8192 bytes failed: Only part of a ReadProcessMemory or WriteProcessMemory request was completed. (0x12B)
[0130/152334.024:ERROR:process_memory_win.cc(73)] ReadMemory at 0xa82adfd000 of 12288 bytes failed: Only part of a ReadProcessMemory or WriteProcessMemory request was completed. (0x12B)
[0130/152334.024:ERROR:process_memory_win.cc(73)] ReadMemory at 0xa830df6000 of 40960 bytes failed: Only part of a ReadProcessMemory or WriteProcessMemory request was completed. (0x12B)
[0130/152334.024:ERROR:process_memory_win.cc(73)] ReadMemory at 0xa82e5fd000 of 12288 bytes failed: Only part of a ReadProcessMemory or WriteProcessMemory request was completed. (0x12B)
[0130/152334.024:ERROR:process_memory_win.cc(73)] ReadMemory at 0xa8315fc000 of 16384 bytes failed: Only part of a ReadProcessMemory or WriteProcessMemory request was completed. (0x12B)
[0130/152334.025:ERROR:process_memory_win.cc(73)] ReadMemory at 0xa831dfe000 of 8192 bytes failed: Only part of a ReadProcessMemory or WriteProcessMemory request was completed. (0x12B)
[0130/152334.025:ERROR:process_memory_win.cc(73)] ReadMemory at 0xa82946e000 of 852 bytes failed: Only part of a ReadProcessMemory or WriteProcessMemory request was completed. (0x12B)
[0130/152334.025:ERROR:process_memory_win.cc(73)] ReadMemory at 0xa82946f000 of 6024 bytes failed: Only part of a ReadProcessMemory or WriteProcessMemory request was completed. (0x12B)
[0130/152334.025:ERROR:process_memory_win.cc(73)] ReadMemory at 0xa829471000 of 6024 bytes failed: Only part of a ReadProcessMemory or WriteProcessMemory request was completed. (0x12B)
[0130/152334.025:ERROR:process_memory_win.cc(73)] ReadMemory at 0xa829475000 of 6024 bytes failed: Only part of a ReadProcessMemory or WriteProcessMemory request was completed. (0x12B)
[0130/152334.025:ERROR:process_memory_win.cc(73)] ReadMemory at 0xa829477000 of 6024 bytes failed: Only part of a ReadProcessMemory or WriteProcessMemory request was completed. (0x12B)
[0130/152334.026:ERROR:process_memory_win.cc(73)] ReadMemory at 0xa829479000 of 6024 bytes failed: Only part of a ReadProcessMemory or WriteProcessMemory request was completed. (0x12B)
[0130/152334.026:ERROR:process_memory_win.cc(73)] ReadMemory at 0xa82947b000 of 6024 bytes failed: Only part of a ReadProcessMemory or WriteProcessMemory request was completed. (0x12B)
[0130/152334.026:ERROR:process_memory_win.cc(73)] ReadMemory at 0xa82947d000 of 6024 bytes failed: Only part of a ReadProcessMemory or WriteProcessMemory request was completed. (0x12B)
[0130/152334.026:ERROR:process_memory_win.cc(73)] ReadMemory at 0xa82947f000 of 6024 bytes failed: Only part of a ReadProcessMemory or WriteProcessMemory request was completed. (0x12B)
[0130/152334.026:ERROR:process_memory_win.cc(73)] ReadMemory at 0xa829483000 of 6024 bytes failed: Only part of a ReadProcessMemory or WriteProcessMemory request was completed. (0x12B)
[0130/152334.026:ERROR:process_memory_win.cc(73)] ReadMemory at 0xa829485000 of 6024 bytes failed: Only part of a ReadProcessMemory or WriteProcessMemory request was completed. (0x12B)
[0130/152334.026:ERROR:process_memory_win.cc(73)] ReadMemory at 0xa829487000 of 6024 bytes failed: Only part of a ReadProcessMemory or WriteProcessMemory request was completed. (0x12B)
[0130/152334.027:ERROR:process_memory_win.cc(73)] ReadMemory at 0xa829489000 of 6024 bytes failed: Only part of a ReadProcessMemory or WriteProcessMemory request was completed. (0x12B)
[0130/152334.027:ERROR:process_memory_win.cc(73)] ReadMemory at 0xa82948f000 of 6024 bytes failed: Only part of a ReadProcessMemory or WriteProcessMemory request was completed. (0x12B)
[0130/152334.027:ERROR:process_memory_win.cc(73)] ReadMemory at 0xa829493000 of 6024 bytes failed: Only part of a ReadProcessMemory or WriteProcessMemory request was completed. (0x12B)
[0130/152334.027:ERROR:process_memory_win.cc(73)] ReadMemory at 0xa829495000 of 6024 bytes failed: Only part of a ReadProcessMemory or WriteProcessMemory request was completed. (0x12B)
[0130/152334.027:ERROR:process_memory_win.cc(73)] ReadMemory at 0xa829497000 of 6024 bytes failed: Only part of a ReadProcessMemory or WriteProcessMemory request was completed. (0x12B)
[0130/152334.027:ERROR:process_memory_win.cc(73)] ReadMemory at 0xa829499000 of 6024 bytes failed: Only part of a ReadProcessMemory or WriteProcessMemory request was completed. (0x12B)
[0130/152334.027:ERROR:process_memory_win.cc(73)] ReadMemory at 0x1e9be470fe0 of 19850 bytes failed: Only part of a ReadProcessMemory or WriteProcessMemory request was completed. (0x12B)
[0130/152334.028:ERROR:process_memory_win.cc(73)] ReadMemory at 0x1e9be475d80 of 1012 bytes failed: Only part of a ReadProcessMemory or WriteProcessMemory request was completed. (0x12B)
[0130/152334.028:ERROR:process_memory_win.cc(73)] ReadMemory at 0x1e9be4763c8 of 118 bytes failed: Only part of a ReadProcessMemory or WriteProcessMemory request was completed. (0x12B)
[0130/152334.028:ERROR:process_memory_win.cc(73)] ReadMemory at 0x1e9be476440 of 862 bytes failed: Only part of a ReadProcessMemory or WriteProcessMemory request was completed. (0x12B)
[0130/152334.028:ERROR:process_memory_win.cc(73)] ReadMemory at 0x1e9be4767a0 of 118 bytes failed: Only part of a ReadProcessMemory or WriteProcessMemory request was completed. (0x12B)
[0130/152334.032:ERROR:process_memory_win.cc(73)] ReadMemory at 0x1e9be476818 of 100 bytes failed: Only part of a ReadProcessMemory or WriteProcessMemory request was completed. (0x12B)
[0130/152334.033:ERROR:process_memory_win.cc(73)] ReadMemory at 0x1e9be476890 of 58 bytes failed: Only part of a ReadProcessMemory or WriteProcessMemory request was completed. (0x12B)
[0130/152334.033:ERROR:process_memory_win.cc(73)] ReadMemory at 0x1e9be476990 of 132 bytes failed: Only part of a ReadProcessMemory or WriteProcessMemory request was completed. (0x12B)
[0130/152334.033:ERROR:process_memory_win.cc(73)] ReadMemory at 0x1e9be476b20 of 132 bytes failed: Only part of a ReadProcessMemory or WriteProcessMemory request was completed. (0x12B)
[0130/152334.033:ERROR:process_memory_win.cc(73)] ReadMemory at 0x1e9be476ce0 of 126 bytes failed: Only part of a ReadProcessMemory or WriteProcessMemory request was completed. (0x12B)
[0130/152334.033:ERROR:process_memory_win.cc(73)] ReadMemory at 0x1e9be476fd0 of 132 bytes failed: Only part of a ReadProcessMemory or WriteProcessMemory request was completed. (0x12B)
[0130/152334.033:ERROR:process_memory_win.cc(73)] ReadMemory at 0x1e9be477550 of 132 bytes failed: Only part of a ReadProcessMemory or WriteProcessMemory request was completed. (0x12B)
[0130/152334.080:ERROR:process_memory_win.cc(73)] ReadMemory at 0x1e9be4776e0 of 64 bytes failed: Only part of a ReadProcessMemory or WriteProcessMemory request was completed. (0x12B)
[0130/152334.080:ERROR:process_memory_win.cc(73)] ReadMemory at 0x1e9be4778d0 of 132 bytes failed: Only part of a ReadProcessMemory or WriteProcessMemory request was completed. (0x12B)
[0130/152334.080:ERROR:process_memory_win.cc(73)] ReadMemory at 0x1e9be477b40 of 132 bytes failed: Only part of a ReadProcessMemory or WriteProcessMemory request was completed. (0x12B)
[0130/152334.131:ERROR:process_memory_win.cc(73)] ReadMemory at 0x1e9be477cd0 of 68 bytes failed: Only part of a ReadProcessMemory or WriteProcessMemory request was completed. (0x12B)
[0130/152334.131:ERROR:process_memory_win.cc(73)] ReadMemory at 0x1e9be481360 of 132 bytes failed: Only part of a ReadProcessMemory or WriteProcessMemory request was completed. (0x12B)
[0130/152334.131:ERROR:process_memory_win.cc(73)] ReadMemory at 0x1e9be4814d0 of 132 bytes failed: Only part of a ReadProcessMemory or WriteProcessMemory request was completed. (0x12B)
[0130/152334.132:ERROR:process_memory_win.cc(73)] ReadMemory at 0x1e9be481600 of 154 bytes failed: Only part of a ReadProcessMemory or WriteProcessMemory request was completed. (0x12B)
[0130/152334.132:ERROR:process_memory_win.cc(73)] ReadMemory at 0x1e9be481d50 of 132 bytes failed: Only part of a ReadProcessMemory or WriteProcessMemory request was completed. (0x12B)
[0130/152334.132:ERROR:process_memory_win.cc(73)] ReadMemory at 0x1e9be481ff0 of 80 bytes failed: Only part of a ReadProcessMemory or WriteProcessMemory request was completed. (0x12B)
[0130/152334.133:ERROR:process_memory_win.cc(73)] ReadMemory at 0x1e9be4828c0 of 132 bytes failed: Only part of a ReadProcessMemory or WriteProcessMemory request was completed. (0x12B)
[0130/152334.133:ERROR:process_memory_win.cc(73)] ReadMemory at 0x1e9be4829f0 of 132 bytes failed: Only part of a ReadProcessMemory or WriteProcessMemory request was completed. (0x12B)
[0130/152334.225:ERROR:process_memory_win.cc(73)] ReadMemory at 0x1e9be4840c0 of 60 bytes failed: Only part of a ReadProcessMemory or WriteProcessMemory request was completed. (0x12B)
[0130/152334.225:ERROR:process_memory_win.cc(73)] ReadMemory at 0x1e9be484570 of 62 bytes failed: Only part of a ReadProcessMemory or WriteProcessMemory request was completed. (0x12B)
[0130/152334.225:ERROR:process_memory_win.cc(73)] ReadMemory at 0x1e9be488180 of 132 bytes failed: Only part of a ReadProcessMemory or WriteProcessMemory request was completed. (0x12B)
[0130/152334.226:ERROR:process_memory_win.cc(73)] ReadMemory at 0x1e9be4889d0 of 512 bytes failed: Only part of a ReadProcessMemory or WriteProcessMemory request was completed. (0x12B)
[0130/152334.226:ERROR:process_memory_win.cc(73)] ReadMemory at 0x1e9be48a1b0 of 62 bytes failed: Only part of a ReadProcessMemory or WriteProcessMemory request was completed. (0x12B)
[0130/152334.226:ERROR:process_memory_win.cc(73)] ReadMemory at 0x1e9be48a200 of 62 bytes failed: Only part of a ReadProcessMemory or WriteProcessMemory request was completed. (0x12B)
[0130/152334.227:ERROR:process_memory_win.cc(73)] ReadMemory at 0x1e9be48a250 of 64 bytes failed: Only part of a ReadProcessMemory or WriteProcessMemory request was completed. (0x12B)
[0130/152334.263:ERROR:process_memory_win.cc(73)] ReadMemory at 0x1e9be48a2a0 of 64 bytes failed: Only part of a ReadProcessMemory or WriteProcessMemory request was completed. (0x12B)
[0130/152334.263:ERROR:process_memory_win.cc(73)] ReadMemory at 0x1e9be48a340 of 60 bytes failed: Only part of a ReadProcessMemory or WriteProcessMemory request was completed. (0x12B)
[0130/152334.263:ERROR:process_memory_win.cc(73)] ReadMemory at 0x1e9be48a430 of 64 bytes failed: Only part of a ReadProcessMemory or WriteProcessMemory request was completed. (0x12B)
[0130/152334.264:ERROR:process_memory_win.cc(73)] ReadMemory at 0x1e9be48a480 of 60 bytes failed: Only part of a ReadProcessMemory or WriteProcessMemory request was completed. (0x12B)
[0130/152334.264:ERROR:process_memory_win.cc(73)] ReadMemory at 0x1e9be48a4d0 of 62 bytes failed: Only part of a ReadProcessMemory or WriteProcessMemory request was completed. (0x12B)
[0130/152334.264:ERROR:process_memory_win.cc(73)] ReadMemory at 0x1e9be48a570 of 66 bytes failed: Only part of a ReadProcessMemory or WriteProcessMemory request was completed. (0x12B)
[0130/152334.265:ERROR:process_memory_win.cc(73)] ReadMemory at 0x1e9be48a5c0 of 62 bytes failed: Only part of a ReadProcessMemory or WriteProcessMemory request was completed. (0x12B)
[0130/152334.280:ERROR:process_memory_win.cc(73)] ReadMemory at 0x1e9be48a6b0 of 60 bytes failed: Only part of a ReadProcessMemory or WriteProcessMemory request was completed. (0x12B)
[0130/152334.280:ERROR:process_memory_win.cc(73)] ReadMemory at 0x1e9be48a890 of 60 bytes failed: Only part of a ReadProcessMemory or WriteProcessMemory request was completed. (0x12B)
[0130/152334.280:ERROR:process_memory_win.cc(73)] ReadMemory at 0x1e9be48a9d0 of 64 bytes failed: Only part of a ReadProcessMemory or WriteProcessMemory request was completed. (0x12B)
[0130/152334.281:ERROR:process_memory_win.cc(73)] ReadMemory at 0x1e9be48aa20 of 62 bytes failed: Only part of a ReadProcessMemory or WriteProcessMemory request was completed. (0x12B)
[0130/152334.281:ERROR:process_memory_win.cc(73)] ReadMemory at 0x1e9be48aa70 of 66 bytes failed: Only part of a ReadProcessMemory or WriteProcessMemory request was completed. (0x12B)
[0130/152334.281:ERROR:process_memory_win.cc(73)] ReadMemory at 0x1e9be48aac0 of 62 bytes failed: Only part of a ReadProcessMemory or WriteProcessMemory request was completed. (0x12B)
[0130/152334.282:ERROR:process_memory_win.cc(73)] ReadMemory at 0x1e9be48ab60 of 60 bytes failed: Only part of a ReadProcessMemory or WriteProcessMemory request was completed. (0x12B)
[0130/152334.282:ERROR:process_memory_win.cc(73)] ReadMemory at 0x1e9be48ac50 of 62 bytes failed: Only part of a ReadProcessMemory or WriteProcessMemory request was completed. (0x12B)
[0130/152334.303:ERROR:process_memory_win.cc(73)] ReadMemory at 0x1e9be48aca0 of 62 bytes failed: Only part of a ReadProcessMemory or WriteProcessMemory request was completed. (0x12B)
[0130/152334.304:ERROR:process_memory_win.cc(73)] ReadMemory at 0x1e9be48acf0 of 60 bytes failed: Only part of a ReadProcessMemory or WriteProcessMemory request was completed. (0x12B)
[0130/152334.304:ERROR:process_memory_win.cc(73)] ReadMemory at 0x1e9be48ad40 of 64 bytes failed: Only part of a ReadProcessMemory or WriteProcessMemory request was completed. (0x12B)
[0130/152334.304:ERROR:process_memory_win.cc(73)] ReadMemory at 0x1e9be48ad90 of 58 bytes failed: Only part of a ReadProcessMemory or WriteProcessMemory request was completed. (0x12B)
[0130/152334.305:ERROR:process_memory_win.cc(73)] ReadMemory at 0x1e9be48ade0 of 62 bytes failed: Only part of a ReadProcessMemory or WriteProcessMemory request was completed. (0x12B)
[0130/152334.305:ERROR:process_memory_win.cc(73)] ReadMemory at 0x1e9be48ae80 of 64 bytes failed: Only part of a ReadProcessMemory or WriteProcessMemory request was completed. (0x12B)
[0130/152334.305:ERROR:process_memory_win.cc(73)] ReadMemory at 0x1e9be48af70 of 64 bytes failed: Only part of a ReadProcessMemory or WriteProcessMemory request was completed. (0x12B)
[0130/152334.305:ERROR:process_memory_win.cc(73)] ReadMemory at 0x1e9be48afc0 of 64 bytes failed: Only part of a ReadProcessMemory or WriteProcessMemory request was completed. (0x12B)
[0130/152334.305:ERROR:process_memory_win.cc(73)] ReadMemory at 0x1e9be48b010 of 62 bytes failed: Only part of a ReadProcessMemory or WriteProcessMemory request was completed. (0x12B)
[0130/152334.306:ERROR:process_memory_win.cc(73)] ReadMemory at 0x1e9be48b0d0 of 132 bytes failed: Only part of a ReadProcessMemory or WriteProcessMemory request was completed. (0x12B)
[0130/152334.306:ERROR:process_memory_win.cc(73)] ReadMemory at 0x1e9be48cd70 of 76 bytes failed: Only part of a ReadProcessMemory or WriteProcessMemory request was completed. (0x12B)
[0130/152334.306:ERROR:process_memory_win.cc(73)] ReadMemory at 0x1e9be48dec0 of 158 bytes failed: Only part of a ReadProcessMemory or WriteProcessMemory request was completed. (0x12B)
[0130/152334.307:ERROR:process_memory_win.cc(73)] ReadMemory at 0x1e9be48dfa0 of 132 bytes failed: Only part of a ReadProcessMemory or WriteProcessMemory request was completed. (0x12B)
[0130/152334.307:ERROR:process_memory_win.cc(73)] ReadMemory at 0x1e9be48e690 of 132 bytes failed: Only part of a ReadProcessMemory or WriteProcessMemory request was completed. (0x12B)
[0130/152334.307:ERROR:process_memory_win.cc(73)] ReadMemory at 0x1e9be48f4b0 of 54 bytes failed: Only part of a ReadProcessMemory or WriteProcessMemory request was completed. (0x12B)
[0130/152334.307:ERROR:process_memory_win.cc(73)] ReadMemory at 0x1e9be490de0 of 132 bytes failed: Only part of a ReadProcessMemory or WriteProcessMemory request was completed. (0x12B)
[0130/152334.308:ERROR:process_memory_win.cc(73)] ReadMemory at 0x1e9be490f10 of 132 bytes failed: Only part of a ReadProcessMemory or WriteProcessMemory request was completed. (0x12B)
[0130/152334.323:ERROR:process_memory_win.cc(73)] ReadMemory at 0x1e9be491170 of 132 bytes failed: Only part of a ReadProcessMemory or WriteProcessMemory request was completed. (0x12B)
[0130/152334.323:ERROR:process_memory_win.cc(73)] ReadMemory at 0x1e9be4912a0 of 132 bytes failed: Only part of a ReadProcessMemory or WriteProcessMemory request was completed. (0x12B)
[0130/152334.324:ERROR:process_memory_win.cc(73)] ReadMemory at 0x1e9be4913d0 of 132 bytes failed: Only part of a ReadProcessMemory or WriteProcessMemory request was completed. (0x12B)
[0130/152334.324:ERROR:process_memory_win.cc(73)] ReadMemory at 0x1e9be491500 of 132 bytes failed: Only part of a ReadProcessMemory or WriteProcessMemory request was completed. (0x12B)
[0130/152334.324:ERROR:process_memory_win.cc(73)] ReadMemory at 0x1e9be491630 of 132 bytes failed: Only part of a ReadProcessMemory or WriteProcessMemory request was completed. (0x12B)
[0130/152334.325:ERROR:process_memory_win.cc(73)] ReadMemory at 0x1e9be491760 of 132 bytes failed: Only part of a ReadProcessMemory or WriteProcessMemory request was completed. (0x12B)
[0130/152334.325:ERROR:process_memory_win.cc(73)] ReadMemory at 0x1e9be491890 of 132 bytes failed: Only part of a ReadProcessMemory or WriteProcessMemory request was completed. (0x12B)
[0130/152334.325:ERROR:process_memory_win.cc(73)] ReadMemory at 0x1e9be4919c0 of 132 bytes failed: Only part of a ReadProcessMemory or WriteProcessMemory request was completed. (0x12B)
[0130/152334.326:ERROR:process_memory_win.cc(73)] ReadMemory at 0x1e9be491af0 of 132 bytes failed: Only part of a ReadProcessMemory or WriteProcessMemory request was completed. (0x12B)
[0130/152334.326:ERROR:process_memory_win.cc(73)] ReadMemory at 0x1e9be491c20 of 132 bytes failed: Only part of a ReadProcessMemory or WriteProcessMemory request was completed. (0x12B)
[0130/152334.326:ERROR:process_memory_win.cc(73)] ReadMemory at 0x1e9be493dc0 of 132 bytes failed: Only part of a ReadProcessMemory or WriteProcessMemory request was completed. (0x12B)
[0130/152334.326:ERROR:process_memory_win.cc(73)] ReadMemory at 0x1e9be4943b0 of 132 bytes failed: Only part of a ReadProcessMemory or WriteProcessMemory request was completed. (0x12B)
[0130/152334.327:ERROR:process_memory_win.cc(73)] ReadMemory at 0x1e9be4944e0 of 132 bytes failed: Only part of a ReadProcessMemory or WriteProcessMemory request was completed. (0x12B)
[0130/152334.327:ERROR:process_memory_win.cc(73)] ReadMemory at 0x1e9be494870 of 132 bytes failed: Only part of a ReadProcessMemory or WriteProcessMemory request was completed. (0x12B)
[0130/152334.327:ERROR:process_memory_win.cc(73)] ReadMemory at 0x1e9be494e60 of 132 bytes failed: Only part of a ReadProcessMemory or WriteProcessMemory request was completed. (0x12B)
[0130/152334.328:ERROR:process_memory_win.cc(73)] ReadMemory at 0x1e9be4950c0 of 132 bytes failed: Only part of a ReadProcessMemory or WriteProcessMemory request was completed. (0x12B)
[0130/152334.345:ERROR:process_memory_win.cc(73)] ReadMemory at 0x1e9be4956b0 of 132 bytes failed: Only part of a ReadProcessMemory or WriteProcessMemory request was completed. (0x12B)
[0130/152334.345:ERROR:process_memory_win.cc(73)] ReadMemory at 0x1e9be4957e0 of 132 bytes failed: Only part of a ReadProcessMemory or WriteProcessMemory request was completed. (0x12B)
[0130/152334.346:ERROR:process_memory_win.cc(73)] ReadMemory at 0x1e9be495a40 of 132 bytes failed: Only part of a ReadProcessMemory or WriteProcessMemory request was completed. (0x12B)
[0130/152334.346:ERROR:process_memory_win.cc(73)] ReadMemory at 0x1e9be495b70 of 132 bytes failed: Only part of a ReadProcessMemory or WriteProcessMemory request was completed. (0x12B)
[0130/152334.346:ERROR:process_memory_win.cc(73)] ReadMemory at 0x1e9be495dd0 of 132 bytes failed: Only part of a ReadProcessMemory or WriteProcessMemory request was completed. (0x12B)
[0130/152334.347:ERROR:process_memory_win.cc(73)] ReadMemory at 0x1e9be4ab900 of 512 bytes failed: Only part of a ReadProcessMemory or WriteProcessMemory request was completed. (0x12B)
[0130/152334.347:ERROR:process_memory_win.cc(73)] ReadMemory at 0x1e9beb77003 of 512 bytes failed: Only part of a ReadProcessMemory or WriteProcessMemory request was completed. (0x12B)
[0130/152334.347:ERROR:process_memory_win.cc(73)] ReadMemory at 0x1e9beba5fd8 of 512 bytes failed: Only part of a ReadProcessMemory or WriteProcessMemory request was completed. (0x12B)
[0130/152334.348:ERROR:process_memory_win.cc(73)] ReadMemory at 0x1e9beba9630 of 512 bytes failed: Only part of a ReadProcessMemory or WriteProcessMemory request was completed. (0x12B)
[0130/152334.348:ERROR:process_memory_win.cc(73)] ReadMemory at 0x1e9bebb2610 of 512 bytes failed: Only part of a ReadProcessMemory or WriteProcessMemory request was completed. (0x12B)
[0130/152334.348:ERROR:process_memory_win.cc(73)] ReadMemory at 0x1e9bebc1450 of 712 bytes failed: Only part of a ReadProcessMemory or WriteProcessMemory request was completed. (0x12B)
[0130/152334.349:ERROR:process_memory_win.cc(73)] ReadMemory at 0x1e9bebd1e38 of 944 bytes failed: Only part of a ReadProcessMemory or WriteProcessMemory request was completed. (0x12B)
[0130/152334.349:ERROR:process_memory_win.cc(73)] ReadMemory at 0x1e9bebf5d80 of 512 bytes failed: Only part of a ReadProcessMemory or WriteProcessMemory request was completed. (0x12B)
[0130/152334.349:ERROR:process_memory_win.cc(73)] ReadMemory at 0x1e9bec5d510 of 512 bytes failed: Only part of a ReadProcessMemory or WriteProcessMemory request was completed. (0x12B)
[0130/152334.349:ERROR:process_memory_win.cc(73)] ReadMemory at 0x1e9bec80000 of 384 bytes failed: Only part of a ReadProcessMemory or WriteProcessMemory request was completed. (0x12B)
[0130/152334.350:ERROR:process_memory_win.cc(73)] ReadMemory at 0x1e9c06ba310 of 512 bytes failed: Only part of a ReadProcessMemory or WriteProcessMemory request was completed. (0x12B)
[0130/152334.350:ERROR:process_memory_win.cc(73)] ReadMemory at 0x1e9c070ee60 of 512 bytes failed: Only part of a ReadProcessMemory or WriteProcessMemory request was completed. (0x12B)
[0130/152334.350:ERROR:process_memory_win.cc(73)] ReadMemory at 0x1e9c0723a98 of 512 bytes failed: Only part of a ReadProcessMemory or WriteProcessMemory request was completed. (0x12B)
[0130/152334.370:ERROR:process_memory_win.cc(73)] ReadMemory at 0x1e9c07b1dc0 of 512 bytes failed: Only part of a ReadProcessMemory or WriteProcessMemory request was completed. (0x12B)
[0130/152334.370:ERROR:process_memory_win.cc(73)] ReadMemory at 0x1e9c626fad8 of 512 bytes failed: Only part of a ReadProcessMemory or WriteProcessMemory request was completed. (0x12B)
[0130/152334.371:ERROR:process_memory_win.cc(73)] ReadMemory at 0x79335801340 of 512 bytes failed: Only part of a ReadProcessMemory or WriteProcessMemory request was completed. (0x12B)
[0130/152334.443:ERROR:process_memory_win.cc(73)] ReadMemory at 0x7933587c780 of 512 bytes failed: Only part of a ReadProcessMemory or WriteProcessMemory request was completed. (0x12B)
[0130/152334.444:ERROR:process_memory_win.cc(73)] ReadMemory at 0xbe1b8200080 of 512 bytes failed: Only part of a ReadProcessMemory or WriteProcessMemory request was completed. (0x12B)
[0130/152334.444:ERROR:process_memory_win.cc(73)] ReadMemory at 0xbe1b823ff80 of 128 bytes failed: Only part of a ReadProcessMemory or WriteProcessMemory request was completed. (0x12B)
[0130/152334.444:ERROR:process_memory_win.cc(73)] ReadMemory at 0x18b879880519 of 512 bytes failed: Only part of a ReadProcessMemory or WriteProcessMemory request was completed. (0x12B)
[0130/152334.511:ERROR:scoped_process_suspend.cc(40)] NtResumeProcess: An attempt was made to access an exiting process. (0xc000010a)
